15-08-2016 10:47:06	This log contains information about the import schema operation into project 'ElvenCurse.Database' on computer 'DESKTOP-KB0PD5T' by user 'marti'.
15-08-2016 10:47:06	Import of database schema has started.
15-08-2016 10:47:12	Gathering database options
15-08-2016 10:47:12	Gathering users
15-08-2016 10:47:12	Gathering roles
15-08-2016 10:47:12	Gathering application roles
15-08-2016 10:47:12	Gathering role memberships
15-08-2016 10:47:12	Gathering filegroups
15-08-2016 10:47:12	Gathering full-text catalogs
15-08-2016 10:47:12	Gathering assemblies
15-08-2016 10:47:12	Gathering certificates
15-08-2016 10:47:12	Gathering asymmetric keys
15-08-2016 10:47:12	Gathering symmetric keys
15-08-2016 10:47:12	Gathering encrypted symmetric keys
15-08-2016 10:47:12	Gathering schemas
15-08-2016 10:47:12	Gathering XML schema collections
15-08-2016 10:47:12	Gathering user-defined data types
15-08-2016 10:47:12	Gathering user-defined types
15-08-2016 10:47:12	Gathering table types
15-08-2016 10:47:12	Gathering unique keys for table types
15-08-2016 10:47:12	Gathering primary keys for table types
15-08-2016 10:47:12	Gathering indexes for table types
15-08-2016 10:47:12	Gathering check constraints for table types
15-08-2016 10:47:12	Gathering default constraints for table types
15-08-2016 10:47:12	Gathering partition functions
15-08-2016 10:47:12	Gathering partition schemes
15-08-2016 10:47:12	Gathering functions
15-08-2016 10:47:12	Gathering encrypted functions
15-08-2016 10:47:12	Gathering aggregates
15-08-2016 10:47:12	Gathering procedures
15-08-2016 10:47:12	Gathering encrypted procedures
15-08-2016 10:47:12	Gathering tables
15-08-2016 10:47:12	Gathering primary keys
15-08-2016 10:47:12	Gathering unique constraints
15-08-2016 10:47:12	Gathering foreign keys
15-08-2016 10:47:12	Gathering default constraints
15-08-2016 10:47:12	Gathering check constraints
15-08-2016 10:47:12	Gathering views
15-08-2016 10:47:12	Gathering encrypted views
15-08-2016 10:47:12	Gathering indexes
15-08-2016 10:47:12	Gathering statistics
15-08-2016 10:47:12	Gathering full-text index stoplists
15-08-2016 10:47:12	Gathering search property lists
15-08-2016 10:47:12	Gathering search properties
15-08-2016 10:47:12	Gathering full-text indexes
15-08-2016 10:47:12	Gathering column store indexes
15-08-2016 10:47:12	Gathering spatial indexes
15-08-2016 10:47:12	Gathering XML indexes
15-08-2016 10:47:12	Gathering Selective XML indexes
15-08-2016 10:47:12	Gathering encrypted triggers
15-08-2016 10:47:12	Gathering triggers
15-08-2016 10:47:12	Gathering encrypted and clr ddl triggers
15-08-2016 10:47:12	Gathering ddl triggers
15-08-2016 10:47:13	Gathering synonyms
15-08-2016 10:47:13	Gathering defaults
15-08-2016 10:47:13	Gathering data constraint uddt bindings
15-08-2016 10:47:13	Gathering rules
15-08-2016 10:47:13	Gathering data constraint uddt bindings
15-08-2016 10:47:13	Gathering message types
15-08-2016 10:47:13	Gathering queues
15-08-2016 10:47:13	Gathering contracts
15-08-2016 10:47:13	Gathering services
15-08-2016 10:47:13	Gathering event notifications
15-08-2016 10:47:13	Gathering remote service bindings
15-08-2016 10:47:13	Gathering broker priorities
15-08-2016 10:47:13	Gathering signatures
15-08-2016 10:47:13	Gathering data compression options
15-08-2016 10:47:13	Gathering sequence types
15-08-2016 10:47:13	Gathering security policies
15-08-2016 10:47:13	Gather column encryption keys
15-08-2016 10:47:13	Gathering column master keys
15-08-2016 10:47:13	Gathering external data sources
15-08-2016 10:47:13	Gathering external file formats
15-08-2016 10:47:13	Gathering external tables
15-08-2016 10:47:13	Gathering extended properties
15-08-2016 10:47:13	Gathering credentials
15-08-2016 10:47:13	Gathering logins
15-08-2016 10:47:13	Gathering server audits
15-08-2016 10:47:14	Scanning project for duplicate elements
15-08-2016 10:47:14	Finished duplicate element processing
15-08-2016 10:47:15	Finished importing database.
15-08-2016 10:47:15	A summary of the import was saved to the following location: C:\sourcecode\mnyhjem.github\Elvernes-forbandelse\Elvernes forbandelse\ElvenCurse.Database\Import Schema Logs\ElvenCurse.Database_20160815084706.log
15-08-2016 10:47:15	Click Finish to continue...
